<?xml version="1.0" encoding="UTF-8"?>
<testng-results skipped="0" failed="0" total="1" passed="1">
  <reporter-output>
  </reporter-output>
  <suite name="Default suite" duration-ms="181613" started-at="2019-09-07T15:17:08Z" finished-at="2019-09-07T15:20:10Z">
    <groups>
    </groups>
    <test name="Default test" duration-ms="181613" started-at="2019-09-07T15:17:08Z" finished-at="2019-09-07T15:20:10Z">
      <class name="scripts.TestAddUserPopUp">
        <test-method status="PASS" signature="openApp()[pri:0, instance:scripts.TestAddUserPopUp@1081592]" name="openApp" is-config="true" duration-ms="121331" started-at="2019-09-07T20:47:08Z" finished-at="2019-09-07T20:49:10Z">
          <reporter-output>
          </reporter-output>
        </test-method> <!-- openApp -->
        <test-method status="PASS" signature="verifyUserListPage()[pri:0, instance:scripts.TestAddUserPopUp@1081592]" name="verifyUserListPage" duration-ms="57880" started-at="2019-09-07T20:49:10Z" finished-at="2019-09-07T20:50:08Z">
          <reporter-output>
          </reporter-output>
        </test-method> <!-- verifyUserListPage -->
        <test-method status="PASS" signature="closeApp()[pri:0, instance:scripts.TestAddUserPopUp@1081592]" name="closeApp" is-config="true" duration-ms="2214" started-at="2019-09-07T20:50:08Z" finished-at="2019-09-07T20:50:10Z">
          <reporter-output>
          </reporter-output>
        </test-method> <!-- closeApp -->
      </class> <!-- scripts.TestAddUserPopUp -->
    </test> <!-- Default test -->
  </suite> <!-- Default suite -->
</testng-results>
